2025-08-27 13:53:24.868  INFO 29984 --- [           main] c.b.q.QmsgatherCgvnApplication           : Starting QmsgatherCgvnApplication using Java 17 on DESKTOP-2LG3D5T with PID 29984 (D:\code\gathervn\gathervn\target\classes started by 冯一博 in D:\code\gathervn\gathervn)
2025-08-27 13:53:24.871  INFO 29984 --- [           main] c.b.q.QmsgatherCgvnApplication           : No active profile set, falling back to 1 default profile: "default"
2025-08-27 13:53:26.269  INFO 29984 --- [           main] o.s.b.w.embedded.tomcat.TomcatWebServer  : Tomcat initialized with port(s): 60001 (http)
2025-08-27 13:53:26.277  INFO 29984 --- [           main] o.a.coyote.http11.Http11NioProtocol      : Initializing ProtocolHandler ["http-nio-60001"]
2025-08-27 13:53:26.277  INFO 29984 --- [           main] o.apache.catalina.core.StandardService   : Starting service [Tomcat]
2025-08-27 13:53:26.277  INFO 29984 --- [           main] org.apache.catalina.core.StandardEngine  : Starting Servlet engine: [Apache Tomcat/9.0.68]
2025-08-27 13:53:26.392  INFO 29984 --- [           main] o.a.c.c.C.[Tomcat].[localhost].[/]       : Initializing Spring embedded WebApplicationContext
2025-08-27 13:53:26.392  INFO 29984 --- [           main] w.s.c.ServletWebServerApplicationContext : Root WebApplicationContext: initialization completed in 1484 ms
2025-08-27 13:53:27.202  INFO 29984 --- [           main] pertySourcedRequestMappingHandlerMapping : Mapped URL path [/v2/api-docs] onto method [springfox.documentation.swagger2.web.Swagger2Controller#getDocumentation(String, HttpServletRequest)]
2025-08-27 13:53:27.381  INFO 29984 --- [           main] o.a.coyote.http11.Http11NioProtocol      : Starting ProtocolHandler ["http-nio-60001"]
2025-08-27 13:53:27.394  INFO 29984 --- [           main] o.s.b.w.embedded.tomcat.TomcatWebServer  : Tomcat started on port(s): 60001 (http) with context path ''
2025-08-27 13:53:27.394  INFO 29984 --- [           main] d.s.w.p.DocumentationPluginsBootstrapper : Context refreshed
2025-08-27 13:53:27.411  INFO 29984 --- [           main] d.s.w.p.DocumentationPluginsBootstrapper : Found 1 custom documentation plugin(s)
2025-08-27 13:53:27.441  INFO 29984 --- [           main] s.d.s.w.s.ApiListingReferenceScanner     : Scanning for api listing references
2025-08-27 13:53:27.585  INFO 29984 --- [           main] .d.s.w.r.o.CachingOperationNameGenerator : Generating unique operation named: importExcelUsingPOST_1
2025-08-27 13:53:27.612  INFO 29984 --- [           main] .d.s.w.r.o.CachingOperationNameGenerator : Generating unique operation named: findDfUpRediumCodeSizeUsingGET_1
2025-08-27 13:53:27.617  INFO 29984 --- [           main] .d.s.w.r.o.CachingOperationNameGenerator : Generating unique operation named: importExcelUsingPOST_2
2025-08-27 13:53:27.649  INFO 29984 --- [           main] .d.s.w.r.o.CachingOperationNameGenerator : Generating unique operation named: importExcelUsingPOST_3
2025-08-27 13:53:27.664  INFO 29984 --- [           main] .d.s.w.r.o.CachingOperationNameGenerator : Generating unique operation named: importExcelUsingPOST_4
2025-08-27 13:53:27.678  INFO 29984 --- [           main] .d.s.w.r.o.CachingOperationNameGenerator : Generating unique operation named: importExcelUsingPOST_5
2025-08-27 13:53:27.691  INFO 29984 --- [           main] .d.s.w.r.o.CachingOperationNameGenerator : Generating unique operation named: importExcelUsingPOST_6
2025-08-27 13:53:27.702  INFO 29984 --- [           main] .d.s.w.r.o.CachingOperationNameGenerator : Generating unique operation named: importExcelUsingPOST_7
2025-08-27 13:53:27.715  INFO 29984 --- [           main] .d.s.w.r.o.CachingOperationNameGenerator : Generating unique operation named: importExcelUsingPOST_8
2025-08-27 13:53:27.731  INFO 29984 --- [           main] c.b.q.QmsgatherCgvnApplication           : Started QmsgatherCgvnApplication in 3.279 seconds (JVM running for 4.511)
2025-08-27 13:54:14.781  INFO 25520 --- [           main] c.b.q.QmsgatherCgvnApplication           : Starting QmsgatherCgvnApplication using Java 17 on DESKTOP-2LG3D5T with PID 25520 (D:\code\gathervn\gathervn\target\classes started by 冯一博 in D:\code\gathervn\gathervn)
2025-08-27 13:54:14.783  INFO 25520 --- [           main] c.b.q.QmsgatherCgvnApplication           : No active profile set, falling back to 1 default profile: "default"
2025-08-27 13:54:15.586  INFO 25520 --- [           main] o.s.b.w.embedded.tomcat.TomcatWebServer  : Tomcat initialized with port(s): 60001 (http)
2025-08-27 13:54:15.593  INFO 25520 --- [           main] o.a.coyote.http11.Http11NioProtocol      : Initializing ProtocolHandler ["http-nio-60001"]
2025-08-27 13:54:15.593  INFO 25520 --- [           main] o.apache.catalina.core.StandardService   : Starting service [Tomcat]
2025-08-27 13:54:15.593  INFO 25520 --- [           main] org.apache.catalina.core.StandardEngine  : Starting Servlet engine: [Apache Tomcat/9.0.68]
2025-08-27 13:54:15.666  INFO 25520 --- [           main] o.a.c.c.C.[Tomcat].[localhost].[/]       : Initializing Spring embedded WebApplicationContext
2025-08-27 13:54:15.666  INFO 25520 --- [           main] w.s.c.ServletWebServerApplicationContext : Root WebApplicationContext: initialization completed in 850 ms
2025-08-27 13:54:16.348  INFO 25520 --- [           main] pertySourcedRequestMappingHandlerMapping : Mapped URL path [/v2/api-docs] onto method [springfox.documentation.swagger2.web.Swagger2Controller#getDocumentation(String, HttpServletRequest)]
2025-08-27 13:54:16.491  INFO 25520 --- [           main] o.a.coyote.http11.Http11NioProtocol      : Starting ProtocolHandler ["http-nio-60001"]
2025-08-27 13:54:16.503  INFO 25520 --- [           main] o.s.b.w.embedded.tomcat.TomcatWebServer  : Tomcat started on port(s): 60001 (http) with context path ''
2025-08-27 13:54:16.504  INFO 25520 --- [           main] d.s.w.p.DocumentationPluginsBootstrapper : Context refreshed
2025-08-27 13:54:16.516  INFO 25520 --- [           main] d.s.w.p.DocumentationPluginsBootstrapper : Found 1 custom documentation plugin(s)
2025-08-27 13:54:16.537  INFO 25520 --- [           main] s.d.s.w.s.ApiListingReferenceScanner     : Scanning for api listing references
2025-08-27 13:54:16.672  INFO 25520 --- [           main] .d.s.w.r.o.CachingOperationNameGenerator : Generating unique operation named: importExcelUsingPOST_1
2025-08-27 13:54:16.700  INFO 25520 --- [           main] .d.s.w.r.o.CachingOperationNameGenerator : Generating unique operation named: findDfUpRediumCodeSizeUsingGET_1
2025-08-27 13:54:16.704  INFO 25520 --- [           main] .d.s.w.r.o.CachingOperationNameGenerator : Generating unique operation named: importExcelUsingPOST_2
2025-08-27 13:54:16.735  INFO 25520 --- [           main] .d.s.w.r.o.CachingOperationNameGenerator : Generating unique operation named: importExcelUsingPOST_3
2025-08-27 13:54:16.747  INFO 25520 --- [           main] .d.s.w.r.o.CachingOperationNameGenerator : Generating unique operation named: importExcelUsingPOST_4
2025-08-27 13:54:16.759  INFO 25520 --- [           main] .d.s.w.r.o.CachingOperationNameGenerator : Generating unique operation named: importExcelUsingPOST_5
2025-08-27 13:54:16.770  INFO 25520 --- [           main] .d.s.w.r.o.CachingOperationNameGenerator : Generating unique operation named: importExcelUsingPOST_6
2025-08-27 13:54:16.782  INFO 25520 --- [           main] .d.s.w.r.o.CachingOperationNameGenerator : Generating unique operation named: importExcelUsingPOST_7
2025-08-27 13:54:16.793  INFO 25520 --- [           main] .d.s.w.r.o.CachingOperationNameGenerator : Generating unique operation named: importExcelUsingPOST_8
2025-08-27 13:54:16.807  INFO 25520 --- [           main] c.b.q.QmsgatherCgvnApplication           : Started QmsgatherCgvnApplication in 2.305 seconds (JVM running for 2.794)
2025-08-27 14:24:14.311  INFO 25520 --- [http-nio-60001-exec-2] o.a.c.c.C.[Tomcat].[localhost].[/]       : Initializing Spring DispatcherServlet 'dispatcherServlet'
2025-08-27 14:24:14.311  INFO 25520 --- [http-nio-60001-exec-2] o.s.web.servlet.DispatcherServlet        : Initializing Servlet 'dispatcherServlet'
2025-08-27 14:24:14.312  INFO 25520 --- [http-nio-60001-exec-2] o.s.web.servlet.DispatcherServlet        : Completed initialization in 1 ms
2025-08-27 14:24:14.353  WARN 25520 --- [http-nio-60001-exec-2] .w.s.m.s.DefaultHandlerExceptionResolver : Resolved [org.springframework.web.bind.MissingServletRequestParameterException: Required request parameter 'factory' for method parameter type String is not present]
2025-08-27 14:24:35.768  WARN 25520 --- [http-nio-60001-exec-4] .w.s.m.s.DefaultHandlerExceptionResolver : Resolved [org.springframework.web.bind.MissingServletRequestParameterException: Required request parameter 'factory' for method parameter type String is not present]
2025-08-27 14:30:29.403  INFO 21060 --- [           main] c.b.q.QmsgatherCgvnApplication           : Starting QmsgatherCgvnApplication using Java 17 on DESKTOP-2LG3D5T with PID 21060 (D:\code\gathervn\gathervn\target\classes started by 冯一博 in D:\code\gathervn\gathervn)
2025-08-27 14:30:29.405  INFO 21060 --- [           main] c.b.q.QmsgatherCgvnApplication           : No active profile set, falling back to 1 default profile: "default"
2025-08-27 14:30:30.276  INFO 21060 --- [           main] o.s.b.w.embedded.tomcat.TomcatWebServer  : Tomcat initialized with port(s): 60001 (http)
2025-08-27 14:30:30.282  INFO 21060 --- [           main] o.a.coyote.http11.Http11NioProtocol      : Initializing ProtocolHandler ["http-nio-60001"]
2025-08-27 14:30:30.283  INFO 21060 --- [           main] o.apache.catalina.core.StandardService   : Starting service [Tomcat]
2025-08-27 14:30:30.283  INFO 21060 --- [           main] org.apache.catalina.core.StandardEngine  : Starting Servlet engine: [Apache Tomcat/9.0.68]
2025-08-27 14:30:30.362  INFO 21060 --- [           main] o.a.c.c.C.[Tomcat].[localhost].[/]       : Initializing Spring embedded WebApplicationContext
2025-08-27 14:30:30.362  INFO 21060 --- [           main] w.s.c.ServletWebServerApplicationContext : Root WebApplicationContext: initialization completed in 928 ms
2025-08-27 14:30:31.060  INFO 21060 --- [           main] pertySourcedRequestMappingHandlerMapping : Mapped URL path [/v2/api-docs] onto method [springfox.documentation.swagger2.web.Swagger2Controller#getDocumentation(String, HttpServletRequest)]
2025-08-27 14:30:31.224  INFO 21060 --- [           main] o.a.coyote.http11.Http11NioProtocol      : Starting ProtocolHandler ["http-nio-60001"]
2025-08-27 14:30:31.237  INFO 21060 --- [           main] o.s.b.w.embedded.tomcat.TomcatWebServer  : Tomcat started on port(s): 60001 (http) with context path ''
2025-08-27 14:30:31.238  INFO 21060 --- [           main] d.s.w.p.DocumentationPluginsBootstrapper : Context refreshed
2025-08-27 14:30:31.251  INFO 21060 --- [           main] d.s.w.p.DocumentationPluginsBootstrapper : Found 1 custom documentation plugin(s)
2025-08-27 14:30:31.273  INFO 21060 --- [           main] s.d.s.w.s.ApiListingReferenceScanner     : Scanning for api listing references
2025-08-27 14:30:31.403  INFO 21060 --- [           main] .d.s.w.r.o.CachingOperationNameGenerator : Generating unique operation named: importExcelUsingPOST_1
2025-08-27 14:30:31.432  INFO 21060 --- [           main] .d.s.w.r.o.CachingOperationNameGenerator : Generating unique operation named: findDfUpRediumCodeSizeUsingGET_1
2025-08-27 14:30:31.435  INFO 21060 --- [           main] .d.s.w.r.o.CachingOperationNameGenerator : Generating unique operation named: importExcelUsingPOST_2
2025-08-27 14:30:31.465  INFO 21060 --- [           main] .d.s.w.r.o.CachingOperationNameGenerator : Generating unique operation named: importExcelUsingPOST_3
2025-08-27 14:30:31.477  INFO 21060 --- [           main] .d.s.w.r.o.CachingOperationNameGenerator : Generating unique operation named: importExcelUsingPOST_4
2025-08-27 14:30:31.492  INFO 21060 --- [           main] .d.s.w.r.o.CachingOperationNameGenerator : Generating unique operation named: importExcelUsingPOST_5
2025-08-27 14:30:31.507  INFO 21060 --- [           main] .d.s.w.r.o.CachingOperationNameGenerator : Generating unique operation named: importExcelUsingPOST_6
2025-08-27 14:30:31.521  INFO 21060 --- [           main] .d.s.w.r.o.CachingOperationNameGenerator : Generating unique operation named: importExcelUsingPOST_7
2025-08-27 14:30:31.534  INFO 21060 --- [           main] .d.s.w.r.o.CachingOperationNameGenerator : Generating unique operation named: importExcelUsingPOST_8
2025-08-27 14:30:31.547  INFO 21060 --- [           main] c.b.q.QmsgatherCgvnApplication           : Started QmsgatherCgvnApplication in 2.42 seconds (JVM running for 2.915)
2025-08-27 14:30:35.132  INFO 21060 --- [http-nio-60001-exec-1] o.a.c.c.C.[Tomcat].[localhost].[/]       : Initializing Spring DispatcherServlet 'dispatcherServlet'
2025-08-27 14:30:35.133  INFO 21060 --- [http-nio-60001-exec-1] o.s.web.servlet.DispatcherServlet        : Initializing Servlet 'dispatcherServlet'
2025-08-27 14:30:35.134  INFO 21060 --- [http-nio-60001-exec-1] o.s.web.servlet.DispatcherServlet        : Completed initialization in 1 ms
2025-08-27 14:30:35.710  INFO 21060 --- [http-nio-60001-exec-1] com.zaxxer.hikari.HikariDataSource       : HikariPool-1 - Starting...
2025-08-27 14:30:36.162  INFO 21060 --- [http-nio-60001-exec-1] com.zaxxer.hikari.HikariDataSource       : HikariPool-1 - Start completed.
2025-08-27 14:49:29.055  INFO 21060 --- [SpringApplicationShutdownHook] com.zaxxer.hikari.HikariDataSource       : HikariPool-1 - Shutdown initiated...
2025-08-27 14:49:29.062  INFO 21060 --- [SpringApplicationShutdownHook] com.zaxxer.hikari.HikariDataSource       : HikariPool-1 - Shutdown completed.
2025-08-27 14:49:33.388  INFO 37972 --- [           main] c.b.q.QmsgatherCgvnApplication           : Starting QmsgatherCgvnApplication using Java 17 on DESKTOP-2LG3D5T with PID 37972 (D:\code\gathervn\gathervn\target\classes started by 冯一博 in D:\code\gathervn\gathervn)
2025-08-27 14:49:33.391  INFO 37972 --- [           main] c.b.q.QmsgatherCgvnApplication           : No active profile set, falling back to 1 default profile: "default"
2025-08-27 14:49:34.163  INFO 37972 --- [           main] o.s.b.w.embedded.tomcat.TomcatWebServer  : Tomcat initialized with port(s): 60001 (http)
2025-08-27 14:49:34.169  INFO 37972 --- [           main] o.a.coyote.http11.Http11NioProtocol      : Initializing ProtocolHandler ["http-nio-60001"]
2025-08-27 14:49:34.169  INFO 37972 --- [           main] o.apache.catalina.core.StandardService   : Starting service [Tomcat]
2025-08-27 14:49:34.169  INFO 37972 --- [           main] org.apache.catalina.core.StandardEngine  : Starting Servlet engine: [Apache Tomcat/9.0.68]
2025-08-27 14:49:34.243  INFO 37972 --- [           main] o.a.c.c.C.[Tomcat].[localhost].[/]       : Initializing Spring embedded WebApplicationContext
2025-08-27 14:49:34.243  INFO 37972 --- [           main] w.s.c.ServletWebServerApplicationContext : Root WebApplicationContext: initialization completed in 828 ms
2025-08-27 14:49:34.918  INFO 37972 --- [           main] pertySourcedRequestMappingHandlerMapping : Mapped URL path [/v2/api-docs] onto method [springfox.documentation.swagger2.web.Swagger2Controller#getDocumentation(String, HttpServletRequest)]
2025-08-27 14:49:35.107  INFO 37972 --- [           main] o.a.coyote.http11.Http11NioProtocol      : Starting ProtocolHandler ["http-nio-60001"]
2025-08-27 14:49:35.123  INFO 37972 --- [           main] o.s.b.w.embedded.tomcat.TomcatWebServer  : Tomcat started on port(s): 60001 (http) with context path ''
2025-08-27 14:49:35.124  INFO 37972 --- [           main] d.s.w.p.DocumentationPluginsBootstrapper : Context refreshed
2025-08-27 14:49:35.140  INFO 37972 --- [           main] d.s.w.p.DocumentationPluginsBootstrapper : Found 1 custom documentation plugin(s)
2025-08-27 14:49:35.171  INFO 37972 --- [           main] s.d.s.w.s.ApiListingReferenceScanner     : Scanning for api listing references
2025-08-27 14:49:35.302  INFO 37972 --- [           main] .d.s.w.r.o.CachingOperationNameGenerator : Generating unique operation named: importExcelUsingPOST_1
2025-08-27 14:49:35.330  INFO 37972 --- [           main] .d.s.w.r.o.CachingOperationNameGenerator : Generating unique operation named: findDfUpRediumCodeSizeUsingGET_1
2025-08-27 14:49:35.334  INFO 37972 --- [           main] .d.s.w.r.o.CachingOperationNameGenerator : Generating unique operation named: importExcelUsingPOST_2
2025-08-27 14:49:35.372  INFO 37972 --- [           main] .d.s.w.r.o.CachingOperationNameGenerator : Generating unique operation named: importExcelUsingPOST_3
2025-08-27 14:49:35.389  INFO 37972 --- [           main] .d.s.w.r.o.CachingOperationNameGenerator : Generating unique operation named: importExcelUsingPOST_4
2025-08-27 14:49:35.405  INFO 37972 --- [           main] .d.s.w.r.o.CachingOperationNameGenerator : Generating unique operation named: importExcelUsingPOST_5
2025-08-27 14:49:35.419  INFO 37972 --- [           main] .d.s.w.r.o.CachingOperationNameGenerator : Generating unique operation named: importExcelUsingPOST_6
2025-08-27 14:49:35.433  INFO 37972 --- [           main] .d.s.w.r.o.CachingOperationNameGenerator : Generating unique operation named: importExcelUsingPOST_7
2025-08-27 14:49:35.446  INFO 37972 --- [           main] .d.s.w.r.o.CachingOperationNameGenerator : Generating unique operation named: importExcelUsingPOST_8
2025-08-27 14:49:35.460  INFO 37972 --- [           main] c.b.q.QmsgatherCgvnApplication           : Started QmsgatherCgvnApplication in 2.375 seconds (JVM running for 2.791)
2025-08-27 14:51:10.016  INFO 37972 --- [http-nio-60001-exec-2] o.a.c.c.C.[Tomcat].[localhost].[/]       : Initializing Spring DispatcherServlet 'dispatcherServlet'
2025-08-27 14:51:10.016  INFO 37972 --- [http-nio-60001-exec-2] o.s.web.servlet.DispatcherServlet        : Initializing Servlet 'dispatcherServlet'
2025-08-27 14:51:10.017  INFO 37972 --- [http-nio-60001-exec-2] o.s.web.servlet.DispatcherServlet        : Completed initialization in 1 ms
2025-08-27 14:51:10.113  INFO 37972 --- [http-nio-60001-exec-2] com.zaxxer.hikari.HikariDataSource       : HikariPool-1 - Starting...
2025-08-27 14:51:10.415  INFO 37972 --- [http-nio-60001-exec-2] com.zaxxer.hikari.HikariDataSource       : HikariPool-1 - Start completed.
2025-08-27 14:51:10.971 ERROR 37972 --- [http-nio-60001-exec-2] c.a.e.e.export.base.ExportCommonService  : excel cell export error ,data is :com.biel.qmsgatherCgVn.domain.vo.DfUpBottomGapChamferVo@49962c6d[date=Wed Aug 20 03:42:00 CST 2025,grooveBottomChamfer2=0.127,leftShortSideBottomChamfer1=0.121,leftShortSideBottomChamfer2=0.126,leftShortSideBottomChamfer3=0.114,lowerLongSideBottomChamfer1=0.122,lowerLongSideBottomChamfer2=0.13,lowerLongSideBottomChamfer3=0.132,machineCode=73-1,remark=<null>,rightShortSideBottomChamfer1=0.126,rightShortSideBottomChamfer3=0.125,state=CPK,testNumber=2,upperLongSideBottomChamfer1=0.119,upperLongSideBottomChamfer2=0.121,upperLongSideBottomChamfer3=0.124]
2025-08-27 14:51:10.972 ERROR 37972 --- [http-nio-60001-exec-2] c.a.e.e.export.base.ExportCommonService  : object is not an instance of declaring class

java.lang.IllegalArgumentException: object is not an instance of declaring class
	at java.base/jdk.internal.reflect.NativeMethodAccessorImpl.invoke0(Native Method)
	at java.base/jdk.internal.reflect.NativeMethodAccessorImpl.invoke(NativeMethodAccessorImpl.java:77)
	at java.base/jdk.internal.reflect.DelegatingMethodAccessorImpl.invoke(DelegatingMethodAccessorImpl.java:43)
	at java.base/java.lang.reflect.Method.invoke(Method.java:568)
	at cn.afterturn.easypoi.excel.export.base.ExportCommonService.getCellValue(ExportCommonService.java:214)
	at cn.afterturn.easypoi.excel.export.base.BaseExportService.createCells(BaseExportService.java:98)
	at cn.afterturn.easypoi.excel.export.ExcelExportService.insertDataToSheet(ExcelExportService.java:276)
	at cn.afterturn.easypoi.excel.export.ExcelExportService.createSheetForMap(ExcelExportService.java:214)
	at cn.afterturn.easypoi.excel.export.ExcelExportService.createSheet(ExcelExportService.java:179)
	at cn.afterturn.easypoi.excel.ExcelExportUtil.exportExcel(ExcelExportUtil.java:116)
	at com.biel.qmsgatherCgVn.controller.DfUpBottomGapChamferController.exportBottomGapChamfer(DfUpBottomGapChamferController.java:156)
	at java.base/jdk.internal.reflect.NativeMethodAccessorImpl.invoke0(Native Method)
	at java.base/jdk.internal.reflect.NativeMethodAccessorImpl.invoke(NativeMethodAccessorImpl.java:77)
	at java.base/jdk.internal.reflect.DelegatingMethodAccessorImpl.invoke(DelegatingMethodAccessorImpl.java:43)
	at java.base/java.lang.reflect.Method.invoke(Method.java:568)
	at org.springframework.web.method.support.InvocableHandlerMethod.doInvoke(InvocableHandlerMethod.java:205)
	at org.springframework.web.method.support.InvocableHandlerMethod.invokeForRequest(InvocableHandlerMethod.java:150)
	at org.springframework.web.servlet.mvc.method.annotation.ServletInvocableHandlerMethod.invokeAndHandle(ServletInvocableHandlerMethod.java:117)
	at org.springframework.web.servlet.mvc.method.annotation.RequestMappingHandlerAdapter.invokeHandlerMethod(RequestMappingHandlerAdapter.java:895)
	at org.springframework.web.servlet.mvc.method.annotation.RequestMappingHandlerAdapter.handleInternal(RequestMappingHandlerAdapter.java:808)
	at org.springframework.web.servlet.mvc.method.AbstractHandlerMethodAdapter.handle(AbstractHandlerMethodAdapter.java:87)
	at org.springframework.web.servlet.DispatcherServlet.doDispatch(DispatcherServlet.java:1071)
	at org.springframework.web.servlet.DispatcherServlet.doService(DispatcherServlet.java:964)
	at org.springframework.web.servlet.FrameworkServlet.processRequest(FrameworkServlet.java:1006)
	at org.springframework.web.servlet.FrameworkServlet.doGet(FrameworkServlet.java:898)
	at javax.servlet.http.HttpServlet.service(HttpServlet.java:670)
	at org.springframework.web.servlet.FrameworkServlet.service(FrameworkServlet.java:883)
	at javax.servlet.http.HttpServlet.service(HttpServlet.java:779)
	at org.apache.catalina.core.ApplicationFilterChain.internalDoFilter(ApplicationFilterChain.java:227)
	at org.apache.catalina.core.ApplicationFilterChain.doFilter(ApplicationFilterChain.java:162)
	at org.apache.tomcat.websocket.server.WsFilter.doFilter(WsFilter.java:53)
	at org.apache.catalina.core.ApplicationFilterChain.internalDoFilter(ApplicationFilterChain.java:189)
	at org.apache.catalina.core.ApplicationFilterChain.doFilter(ApplicationFilterChain.java:162)
	at org.springframework.web.filter.RequestContextFilter.doFilterInternal(RequestContextFilter.java:100)
	at org.springframework.web.filter.OncePerRequestFilter.doFilter(OncePerRequestFilter.java:117)
	at org.apache.catalina.core.ApplicationFilterChain.internalDoFilter(ApplicationFilterChain.java:189)
	at org.apache.catalina.core.ApplicationFilterChain.doFilter(ApplicationFilterChain.java:162)
	at org.springframework.web.filter.FormContentFilter.doFilterInternal(FormContentFilter.java:93)
	at org.springframework.web.filter.OncePerRequestFilter.doFilter(OncePerRequestFilter.java:117)
	at org.apache.catalina.core.ApplicationFilterChain.internalDoFilter(ApplicationFilterChain.java:189)
	at org.apache.catalina.core.ApplicationFilterChain.doFilter(ApplicationFilterChain.java:162)
	at org.springframework.web.filter.CharacterEncodingFilter.doFilterInternal(CharacterEncodingFilter.java:201)
	at org.springframework.web.filter.OncePerRequestFilter.doFilter(OncePerRequestFilter.java:117)
	at org.apache.catalina.core.ApplicationFilterChain.internalDoFilter(ApplicationFilterChain.java:189)
	at org.apache.catalina.core.ApplicationFilterChain.doFilter(ApplicationFilterChain.java:162)
	at org.apache.catalina.core.StandardWrapperValve.invoke(StandardWrapperValve.java:197)
	at org.apache.catalina.core.StandardContextValve.invoke(StandardContextValve.java:97)
	at org.apache.catalina.authenticator.AuthenticatorBase.invoke(AuthenticatorBase.java:541)
	at org.apache.catalina.core.StandardHostValve.invoke(StandardHostValve.java:135)
	at org.apache.catalina.valves.ErrorReportValve.invoke(ErrorReportValve.java:92)
	at org.apache.catalina.core.StandardEngineValve.invoke(StandardEngineValve.java:78)
	at org.apache.catalina.connector.CoyoteAdapter.service(CoyoteAdapter.java:360)
	at org.apache.coyote.http11.Http11Processor.service(Http11Processor.java:399)
	at org.apache.coyote.AbstractProcessorLight.process(AbstractProcessorLight.java:65)
	at org.apache.coyote.AbstractProtocol$ConnectionHandler.process(AbstractProtocol.java:893)
	at org.apache.tomcat.util.net.NioEndpoint$SocketProcessor.doRun(NioEndpoint.java:1789)
	at org.apache.tomcat.util.net.SocketProcessorBase.run(SocketProcessorBase.java:49)
	at org.apache.tomcat.util.threads.ThreadPoolExecutor.runWorker(ThreadPoolExecutor.java:1191)
	at org.apache.tomcat.util.threads.ThreadPoolExecutor$Worker.run(ThreadPoolExecutor.java:659)
	at org.apache.tomcat.util.threads.TaskThread$WrappingRunnable.run(TaskThread.java:61)
	at java.base/java.lang.Thread.run(Thread.java:833)

2025-08-27 14:51:10.973 ERROR 37972 --- [http-nio-60001-exec-2] c.a.e.e.export.base.ExportCommonService  : Excel导出错误

cn.afterturn.easypoi.exception.excel.ExcelExportException: Excel导出错误
	at cn.afterturn.easypoi.excel.export.base.BaseExportService.createCells(BaseExportService.java:156)
	at cn.afterturn.easypoi.excel.export.ExcelExportService.insertDataToSheet(ExcelExportService.java:276)
	at cn.afterturn.easypoi.excel.export.ExcelExportService.createSheetForMap(ExcelExportService.java:214)
	at cn.afterturn.easypoi.excel.export.ExcelExportService.createSheet(ExcelExportService.java:179)
	at cn.afterturn.easypoi.excel.ExcelExportUtil.exportExcel(ExcelExportUtil.java:116)
	at com.biel.qmsgatherCgVn.controller.DfUpBottomGapChamferController.exportBottomGapChamfer(DfUpBottomGapChamferController.java:156)
	at java.base/jdk.internal.reflect.NativeMethodAccessorImpl.invoke0(Native Method)
	at java.base/jdk.internal.reflect.NativeMethodAccessorImpl.invoke(NativeMethodAccessorImpl.java:77)
	at java.base/jdk.internal.reflect.DelegatingMethodAccessorImpl.invoke(DelegatingMethodAccessorImpl.java:43)
	at java.base/java.lang.reflect.Method.invoke(Method.java:568)
	at org.springframework.web.method.support.InvocableHandlerMethod.doInvoke(InvocableHandlerMethod.java:205)
	at org.springframework.web.method.support.InvocableHandlerMethod.invokeForRequest(InvocableHandlerMethod.java:150)
	at org.springframework.web.servlet.mvc.method.annotation.ServletInvocableHandlerMethod.invokeAndHandle(ServletInvocableHandlerMethod.java:117)
	at org.springframework.web.servlet.mvc.method.annotation.RequestMappingHandlerAdapter.invokeHandlerMethod(RequestMappingHandlerAdapter.java:895)
	at org.springframework.web.servlet.mvc.method.annotation.RequestMappingHandlerAdapter.handleInternal(RequestMappingHandlerAdapter.java:808)
	at org.springframework.web.servlet.mvc.method.AbstractHandlerMethodAdapter.handle(AbstractHandlerMethodAdapter.java:87)
	at org.springframework.web.servlet.DispatcherServlet.doDispatch(DispatcherServlet.java:1071)
	at org.springframework.web.servlet.DispatcherServlet.doService(DispatcherServlet.java:964)
	at org.springframework.web.servlet.FrameworkServlet.processRequest(FrameworkServlet.java:1006)
	at org.springframework.web.servlet.FrameworkServlet.doGet(FrameworkServlet.java:898)
	at javax.servlet.http.HttpServlet.service(HttpServlet.java:670)
	at org.springframework.web.servlet.FrameworkServlet.service(FrameworkServlet.java:883)
	at javax.servlet.http.HttpServlet.service(HttpServlet.java:779)
	at org.apache.catalina.core.ApplicationFilterChain.internalDoFilter(ApplicationFilterChain.java:227)
	at org.apache.catalina.core.ApplicationFilterChain.doFilter(ApplicationFilterChain.java:162)
	at org.apache.tomcat.websocket.server.WsFilter.doFilter(WsFilter.java:53)
	at org.apache.catalina.core.ApplicationFilterChain.internalDoFilter(ApplicationFilterChain.java:189)
	at org.apache.catalina.core.ApplicationFilterChain.doFilter(ApplicationFilterChain.java:162)
	at org.springframework.web.filter.RequestContextFilter.doFilterInternal(RequestContextFilter.java:100)
	at org.springframework.web.filter.OncePerRequestFilter.doFilter(OncePerRequestFilter.java:117)
	at org.apache.catalina.core.ApplicationFilterChain.internalDoFilter(ApplicationFilterChain.java:189)
	at org.apache.catalina.core.ApplicationFilterChain.doFilter(ApplicationFilterChain.java:162)
	at org.springframework.web.filter.FormContentFilter.doFilterInternal(FormContentFilter.java:93)
	at org.springframework.web.filter.OncePerRequestFilter.doFilter(OncePerRequestFilter.java:117)
	at org.apache.catalina.core.ApplicationFilterChain.internalDoFilter(ApplicationFilterChain.java:189)
	at org.apache.catalina.core.ApplicationFilterChain.doFilter(ApplicationFilterChain.java:162)
	at org.springframework.web.filter.CharacterEncodingFilter.doFilterInternal(CharacterEncodingFilter.java:201)
	at org.springframework.web.filter.OncePerRequestFilter.doFilter(OncePerRequestFilter.java:117)
	at org.apache.catalina.core.ApplicationFilterChain.internalDoFilter(ApplicationFilterChain.java:189)
	at org.apache.catalina.core.ApplicationFilterChain.doFilter(ApplicationFilterChain.java:162)
	at org.apache.catalina.core.StandardWrapperValve.invoke(StandardWrapperValve.java:197)
	at org.apache.catalina.core.StandardContextValve.invoke(StandardContextValve.java:97)
	at org.apache.catalina.authenticator.AuthenticatorBase.invoke(AuthenticatorBase.java:541)
	at org.apache.catalina.core.StandardHostValve.invoke(StandardHostValve.java:135)
	at org.apache.catalina.valves.ErrorReportValve.invoke(ErrorReportValve.java:92)
	at org.apache.catalina.core.StandardEngineValve.invoke(StandardEngineValve.java:78)
	at org.apache.catalina.connector.CoyoteAdapter.service(CoyoteAdapter.java:360)
	at org.apache.coyote.http11.Http11Processor.service(Http11Processor.java:399)
	at org.apache.coyote.AbstractProcessorLight.process(AbstractProcessorLight.java:65)
	at org.apache.coyote.AbstractProtocol$ConnectionHandler.process(AbstractProtocol.java:893)
	at org.apache.tomcat.util.net.NioEndpoint$SocketProcessor.doRun(NioEndpoint.java:1789)
	at org.apache.tomcat.util.net.SocketProcessorBase.run(SocketProcessorBase.java:49)
	at org.apache.tomcat.util.threads.ThreadPoolExecutor.runWorker(ThreadPoolExecutor.java:1191)
	at org.apache.tomcat.util.threads.ThreadPoolExecutor$Worker.run(ThreadPoolExecutor.java:659)
	at org.apache.tomcat.util.threads.TaskThread$WrappingRunnable.run(TaskThread.java:61)
	at java.base/java.lang.Thread.run(Thread.java:833)
Caused by: java.lang.IllegalArgumentException: object is not an instance of declaring class
	at java.base/jdk.internal.reflect.NativeMethodAccessorImpl.invoke0(Native Method)
	at java.base/jdk.internal.reflect.NativeMethodAccessorImpl.invoke(NativeMethodAccessorImpl.java:77)
	at java.base/jdk.internal.reflect.DelegatingMethodAccessorImpl.invoke(DelegatingMethodAccessorImpl.java:43)
	at java.base/java.lang.reflect.Method.invoke(Method.java:568)
	at cn.afterturn.easypoi.excel.export.base.ExportCommonService.getCellValue(ExportCommonService.java:214)
	at cn.afterturn.easypoi.excel.export.base.BaseExportService.createCells(BaseExportService.java:98)
	... 55 common frames omitted

2025-08-27 14:51:10.974 ERROR 37972 --- [http-nio-60001-exec-2] c.a.e.e.export.base.ExportCommonService  : Excel导出错误

cn.afterturn.easypoi.exception.excel.ExcelExportException: Excel导出错误
	at cn.afterturn.easypoi.excel.export.ExcelExportService.insertDataToSheet(ExcelExportService.java:307)
	at cn.afterturn.easypoi.excel.export.ExcelExportService.createSheetForMap(ExcelExportService.java:214)
	at cn.afterturn.easypoi.excel.export.ExcelExportService.createSheet(ExcelExportService.java:179)
	at cn.afterturn.easypoi.excel.ExcelExportUtil.exportExcel(ExcelExportUtil.java:116)
	at com.biel.qmsgatherCgVn.controller.DfUpBottomGapChamferController.exportBottomGapChamfer(DfUpBottomGapChamferController.java:156)
	at java.base/jdk.internal.reflect.NativeMethodAccessorImpl.invoke0(Native Method)
	at java.base/jdk.internal.reflect.NativeMethodAccessorImpl.invoke(NativeMethodAccessorImpl.java:77)
	at java.base/jdk.internal.reflect.DelegatingMethodAccessorImpl.invoke(DelegatingMethodAccessorImpl.java:43)
	at java.base/java.lang.reflect.Method.invoke(Method.java:568)
	at org.springframework.web.method.support.InvocableHandlerMethod.doInvoke(InvocableHandlerMethod.java:205)
	at org.springframework.web.method.support.InvocableHandlerMethod.invokeForRequest(InvocableHandlerMethod.java:150)
	at org.springframework.web.servlet.mvc.method.annotation.ServletInvocableHandlerMethod.invokeAndHandle(ServletInvocableHandlerMethod.java:117)
	at org.springframework.web.servlet.mvc.method.annotation.RequestMappingHandlerAdapter.invokeHandlerMethod(RequestMappingHandlerAdapter.java:895)
	at org.springframework.web.servlet.mvc.method.annotation.RequestMappingHandlerAdapter.handleInternal(RequestMappingHandlerAdapter.java:808)
	at org.springframework.web.servlet.mvc.method.AbstractHandlerMethodAdapter.handle(AbstractHandlerMethodAdapter.java:87)
	at org.springframework.web.servlet.DispatcherServlet.doDispatch(DispatcherServlet.java:1071)
	at org.springframework.web.servlet.DispatcherServlet.doService(DispatcherServlet.java:964)
	at org.springframework.web.servlet.FrameworkServlet.processRequest(FrameworkServlet.java:1006)
	at org.springframework.web.servlet.FrameworkServlet.doGet(FrameworkServlet.java:898)
	at javax.servlet.http.HttpServlet.service(HttpServlet.java:670)
	at org.springframework.web.servlet.FrameworkServlet.service(FrameworkServlet.java:883)
	at javax.servlet.http.HttpServlet.service(HttpServlet.java:779)
	at org.apache.catalina.core.ApplicationFilterChain.internalDoFilter(ApplicationFilterChain.java:227)
	at org.apache.catalina.core.ApplicationFilterChain.doFilter(ApplicationFilterChain.java:162)
	at org.apache.tomcat.websocket.server.WsFilter.doFilter(WsFilter.java:53)
	at org.apache.catalina.core.ApplicationFilterChain.internalDoFilter(ApplicationFilterChain.java:189)
	at org.apache.catalina.core.ApplicationFilterChain.doFilter(ApplicationFilterChain.java:162)
	at org.springframework.web.filter.RequestContextFilter.doFilterInternal(RequestContextFilter.java:100)
	at org.springframework.web.filter.OncePerRequestFilter.doFilter(OncePerRequestFilter.java:117)
	at org.apache.catalina.core.ApplicationFilterChain.internalDoFilter(ApplicationFilterChain.java:189)
	at org.apache.catalina.core.ApplicationFilterChain.doFilter(ApplicationFilterChain.java:162)
	at org.springframework.web.filter.FormContentFilter.doFilterInternal(FormContentFilter.java:93)
	at org.springframework.web.filter.OncePerRequestFilter.doFilter(OncePerRequestFilter.java:117)
	at org.apache.catalina.core.ApplicationFilterChain.internalDoFilter(ApplicationFilterChain.java:189)
	at org.apache.catalina.core.ApplicationFilterChain.doFilter(ApplicationFilterChain.java:162)
	at org.springframework.web.filter.CharacterEncodingFilter.doFilterInternal(CharacterEncodingFilter.java:201)
	at org.springframework.web.filter.OncePerRequestFilter.doFilter(OncePerRequestFilter.java:117)
	at org.apache.catalina.core.ApplicationFilterChain.internalDoFilter(ApplicationFilterChain.java:189)
	at org.apache.catalina.core.ApplicationFilterChain.doFilter(ApplicationFilterChain.java:162)
	at org.apache.catalina.core.StandardWrapperValve.invoke(StandardWrapperValve.java:197)
	at org.apache.catalina.core.StandardContextValve.invoke(StandardContextValve.java:97)
	at org.apache.catalina.authenticator.AuthenticatorBase.invoke(AuthenticatorBase.java:541)
	at org.apache.catalina.core.StandardHostValve.invoke(StandardHostValve.java:135)
	at org.apache.catalina.valves.ErrorReportValve.invoke(ErrorReportValve.java:92)
	at org.apache.catalina.core.StandardEngineValve.invoke(StandardEngineValve.java:78)
	at org.apache.catalina.connector.CoyoteAdapter.service(CoyoteAdapter.java:360)
	at org.apache.coyote.http11.Http11Processor.service(Http11Processor.java:399)
	at org.apache.coyote.AbstractProcessorLight.process(AbstractProcessorLight.java:65)
	at org.apache.coyote.AbstractProtocol$ConnectionHandler.process(AbstractProtocol.java:893)
	at org.apache.tomcat.util.net.NioEndpoint$SocketProcessor.doRun(NioEndpoint.java:1789)
	at org.apache.tomcat.util.net.SocketProcessorBase.run(SocketProcessorBase.java:49)
	at org.apache.tomcat.util.threads.ThreadPoolExecutor.runWorker(ThreadPoolExecutor.java:1191)
	at org.apache.tomcat.util.threads.ThreadPoolExecutor$Worker.run(ThreadPoolExecutor.java:659)
	at org.apache.tomcat.util.threads.TaskThread$WrappingRunnable.run(TaskThread.java:61)
	at java.base/java.lang.Thread.run(Thread.java:833)
Caused by: cn.afterturn.easypoi.exception.excel.ExcelExportException: Excel导出错误
	at cn.afterturn.easypoi.excel.export.base.BaseExportService.createCells(BaseExportService.java:156)
	at cn.afterturn.easypoi.excel.export.ExcelExportService.insertDataToSheet(ExcelExportService.java:276)
	... 54 common frames omitted
Caused by: java.lang.IllegalArgumentException: object is not an instance of declaring class
	at java.base/jdk.internal.reflect.NativeMethodAccessorImpl.invoke0(Native Method)
	at java.base/jdk.internal.reflect.NativeMethodAccessorImpl.invoke(NativeMethodAccessorImpl.java:77)
	at java.base/jdk.internal.reflect.DelegatingMethodAccessorImpl.invoke(DelegatingMethodAccessorImpl.java:43)
	at java.base/java.lang.reflect.Method.invoke(Method.java:568)
	at cn.afterturn.easypoi.excel.export.base.ExportCommonService.getCellValue(ExportCommonService.java:214)
	at cn.afterturn.easypoi.excel.export.base.BaseExportService.createCells(BaseExportService.java:98)
	... 55 common frames omitted

2025-08-27 14:51:10.977 ERROR 37972 --- [http-nio-60001-exec-2] o.a.c.c.C.[.[.[/].[dispatcherServlet]    : Servlet.service() for servlet [dispatcherServlet] in context with path [] threw exception [Request processing failed; nested exception is cn.afterturn.easypoi.exception.excel.ExcelExportException: Excel导出错误] with root cause

java.lang.IllegalArgumentException: object is not an instance of declaring class
	at java.base/jdk.internal.reflect.NativeMethodAccessorImpl.invoke0(Native Method)
	at java.base/jdk.internal.reflect.NativeMethodAccessorImpl.invoke(NativeMethodAccessorImpl.java:77)
	at java.base/jdk.internal.reflect.DelegatingMethodAccessorImpl.invoke(DelegatingMethodAccessorImpl.java:43)
	at java.base/java.lang.reflect.Method.invoke(Method.java:568)
	at cn.afterturn.easypoi.excel.export.base.ExportCommonService.getCellValue(ExportCommonService.java:214)
	at cn.afterturn.easypoi.excel.export.base.BaseExportService.createCells(BaseExportService.java:98)
	at cn.afterturn.easypoi.excel.export.ExcelExportService.insertDataToSheet(ExcelExportService.java:276)
	at cn.afterturn.easypoi.excel.export.ExcelExportService.createSheetForMap(ExcelExportService.java:214)
	at cn.afterturn.easypoi.excel.export.ExcelExportService.createSheet(ExcelExportService.java:179)
	at cn.afterturn.easypoi.excel.ExcelExportUtil.exportExcel(ExcelExportUtil.java:116)
	at com.biel.qmsgatherCgVn.controller.DfUpBottomGapChamferController.exportBottomGapChamfer(DfUpBottomGapChamferController.java:156)
	at java.base/jdk.internal.reflect.NativeMethodAccessorImpl.invoke0(Native Method)
	at java.base/jdk.internal.reflect.NativeMethodAccessorImpl.invoke(NativeMethodAccessorImpl.java:77)
	at java.base/jdk.internal.reflect.DelegatingMethodAccessorImpl.invoke(DelegatingMethodAccessorImpl.java:43)
	at java.base/java.lang.reflect.Method.invoke(Method.java:568)
	at org.springframework.web.method.support.InvocableHandlerMethod.doInvoke(InvocableHandlerMethod.java:205)
	at org.springframework.web.method.support.InvocableHandlerMethod.invokeForRequest(InvocableHandlerMethod.java:150)
	at org.springframework.web.servlet.mvc.method.annotation.ServletInvocableHandlerMethod.invokeAndHandle(ServletInvocableHandlerMethod.java:117)
	at org.springframework.web.servlet.mvc.method.annotation.RequestMappingHandlerAdapter.invokeHandlerMethod(RequestMappingHandlerAdapter.java:895)
	at org.springframework.web.servlet.mvc.method.annotation.RequestMappingHandlerAdapter.handleInternal(RequestMappingHandlerAdapter.java:808)
	at org.springframework.web.servlet.mvc.method.AbstractHandlerMethodAdapter.handle(AbstractHandlerMethodAdapter.java:87)
	at org.springframework.web.servlet.DispatcherServlet.doDispatch(DispatcherServlet.java:1071)
	at org.springframework.web.servlet.DispatcherServlet.doService(DispatcherServlet.java:964)
	at org.springframework.web.servlet.FrameworkServlet.processRequest(FrameworkServlet.java:1006)
	at org.springframework.web.servlet.FrameworkServlet.doGet(FrameworkServlet.java:898)
	at javax.servlet.http.HttpServlet.service(HttpServlet.java:670)
	at org.springframework.web.servlet.FrameworkServlet.service(FrameworkServlet.java:883)
	at javax.servlet.http.HttpServlet.service(HttpServlet.java:779)
	at org.apache.catalina.core.ApplicationFilterChain.internalDoFilter(ApplicationFilterChain.java:227)
	at org.apache.catalina.core.ApplicationFilterChain.doFilter(ApplicationFilterChain.java:162)
	at org.apache.tomcat.websocket.server.WsFilter.doFilter(WsFilter.java:53)
	at org.apache.catalina.core.ApplicationFilterChain.internalDoFilter(ApplicationFilterChain.java:189)
	at org.apache.catalina.core.ApplicationFilterChain.doFilter(ApplicationFilterChain.java:162)
	at org.springframework.web.filter.RequestContextFilter.doFilterInternal(RequestContextFilter.java:100)
	at org.springframework.web.filter.OncePerRequestFilter.doFilter(OncePerRequestFilter.java:117)
	at org.apache.catalina.core.ApplicationFilterChain.internalDoFilter(ApplicationFilterChain.java:189)
	at org.apache.catalina.core.ApplicationFilterChain.doFilter(ApplicationFilterChain.java:162)
	at org.springframework.web.filter.FormContentFilter.doFilterInternal(FormContentFilter.java:93)
	at org.springframework.web.filter.OncePerRequestFilter.doFilter(OncePerRequestFilter.java:117)
	at org.apache.catalina.core.ApplicationFilterChain.internalDoFilter(ApplicationFilterChain.java:189)
	at org.apache.catalina.core.ApplicationFilterChain.doFilter(ApplicationFilterChain.java:162)
	at org.springframework.web.filter.CharacterEncodingFilter.doFilterInternal(CharacterEncodingFilter.java:201)
	at org.springframework.web.filter.OncePerRequestFilter.doFilter(OncePerRequestFilter.java:117)
	at org.apache.catalina.core.ApplicationFilterChain.internalDoFilter(ApplicationFilterChain.java:189)
	at org.apache.catalina.core.ApplicationFilterChain.doFilter(ApplicationFilterChain.java:162)
	at org.apache.catalina.core.StandardWrapperValve.invoke(StandardWrapperValve.java:197)
	at org.apache.catalina.core.StandardContextValve.invoke(StandardContextValve.java:97)
	at org.apache.catalina.authenticator.AuthenticatorBase.invoke(AuthenticatorBase.java:541)
	at org.apache.catalina.core.StandardHostValve.invoke(StandardHostValve.java:135)
	at org.apache.catalina.valves.ErrorReportValve.invoke(ErrorReportValve.java:92)
	at org.apache.catalina.core.StandardEngineValve.invoke(StandardEngineValve.java:78)
	at org.apache.catalina.connector.CoyoteAdapter.service(CoyoteAdapter.java:360)
	at org.apache.coyote.http11.Http11Processor.service(Http11Processor.java:399)
	at org.apache.coyote.AbstractProcessorLight.process(AbstractProcessorLight.java:65)
	at org.apache.coyote.AbstractProtocol$ConnectionHandler.process(AbstractProtocol.java:893)
	at org.apache.tomcat.util.net.NioEndpoint$SocketProcessor.doRun(NioEndpoint.java:1789)
	at org.apache.tomcat.util.net.SocketProcessorBase.run(SocketProcessorBase.java:49)
	at org.apache.tomcat.util.threads.ThreadPoolExecutor.runWorker(ThreadPoolExecutor.java:1191)
	at org.apache.tomcat.util.threads.ThreadPoolExecutor$Worker.run(ThreadPoolExecutor.java:659)
	at org.apache.tomcat.util.threads.TaskThread$WrappingRunnable.run(TaskThread.java:61)
	at java.base/java.lang.Thread.run(Thread.java:833)

2025-08-27 14:51:28.993 ERROR 37972 --- [http-nio-60001-exec-4] c.a.e.e.export.base.ExportCommonService  : excel cell export error ,data is :com.biel.qmsgatherCgVn.domain.vo.DfUpBottomGapChamferVo@38981adc[date=Wed Aug 20 03:42:00 CST 2025,grooveBottomChamfer2=0.127,leftShortSideBottomChamfer1=0.121,leftShortSideBottomChamfer2=0.126,leftShortSideBottomChamfer3=0.114,lowerLongSideBottomChamfer1=0.122,lowerLongSideBottomChamfer2=0.13,lowerLongSideBottomChamfer3=0.132,machineCode=73-1,remark=<null>,rightShortSideBottomChamfer1=0.126,rightShortSideBottomChamfer3=0.125,state=CPK,testNumber=2,upperLongSideBottomChamfer1=0.119,upperLongSideBottomChamfer2=0.121,upperLongSideBottomChamfer3=0.124]
2025-08-27 14:51:28.993 ERROR 37972 --- [http-nio-60001-exec-4] c.a.e.e.export.base.ExportCommonService  : object is not an instance of declaring class

java.lang.IllegalArgumentException: object is not an instance of declaring class
	at java.base/jdk.internal.reflect.NativeMethodAccessorImpl.invoke0(Native Method)
	at java.base/jdk.internal.reflect.NativeMethodAccessorImpl.invoke(NativeMethodAccessorImpl.java:77)
	at java.base/jdk.internal.reflect.DelegatingMethodAccessorImpl.invoke(DelegatingMethodAccessorImpl.java:43)
	at java.base/java.lang.reflect.Method.invoke(Method.java:568)
	at cn.afterturn.easypoi.excel.export.base.ExportCommonService.getCellValue(ExportCommonService.java:214)
	at cn.afterturn.easypoi.excel.export.base.BaseExportService.createCells(BaseExportService.java:98)
	at cn.afterturn.easypoi.excel.export.ExcelExportService.insertDataToSheet(ExcelExportService.java:276)
	at cn.afterturn.easypoi.excel.export.ExcelExportService.createSheetForMap(ExcelExportService.java:214)
	at cn.afterturn.easypoi.excel.export.ExcelExportService.createSheet(ExcelExportService.java:179)
	at cn.afterturn.easypoi.excel.ExcelExportUtil.exportExcel(ExcelExportUtil.java:116)
	at com.biel.qmsgatherCgVn.controller.DfUpBottomGapChamferController.exportBottomGapChamfer(DfUpBottomGapChamferController.java:156)
	at java.base/jdk.internal.reflect.NativeMethodAccessorImpl.invoke0(Native Method)
	at java.base/jdk.internal.reflect.NativeMethodAccessorImpl.invoke(NativeMethodAccessorImpl.java:77)
	at java.base/jdk.internal.reflect.DelegatingMethodAccessorImpl.invoke(DelegatingMethodAccessorImpl.java:43)
	at java.base/java.lang.reflect.Method.invoke(Method.java:568)
	at org.springframework.web.method.support.InvocableHandlerMethod.doInvoke(InvocableHandlerMethod.java:205)
	at org.springframework.web.method.support.InvocableHandlerMethod.invokeForRequest(InvocableHandlerMethod.java:150)
	at org.springframework.web.servlet.mvc.method.annotation.ServletInvocableHandlerMethod.invokeAndHandle(ServletInvocableHandlerMethod.java:117)
	at org.springframework.web.servlet.mvc.method.annotation.RequestMappingHandlerAdapter.invokeHandlerMethod(RequestMappingHandlerAdapter.java:895)
	at org.springframework.web.servlet.mvc.method.annotation.RequestMappingHandlerAdapter.handleInternal(RequestMappingHandlerAdapter.java:808)
	at org.springframework.web.servlet.mvc.method.AbstractHandlerMethodAdapter.handle(AbstractHandlerMethodAdapter.java:87)
	at org.springframework.web.servlet.DispatcherServlet.doDispatch(DispatcherServlet.java:1071)
	at org.springframework.web.servlet.DispatcherServlet.doService(DispatcherServlet.java:964)
	at org.springframework.web.servlet.FrameworkServlet.processRequest(FrameworkServlet.java:1006)
	at org.springframework.web.servlet.FrameworkServlet.doGet(FrameworkServlet.java:898)
	at javax.servlet.http.HttpServlet.service(HttpServlet.java:670)
	at org.springframework.web.servlet.FrameworkServlet.service(FrameworkServlet.java:883)
	at javax.servlet.http.HttpServlet.service(HttpServlet.java:779)
	at org.apache.catalina.core.ApplicationFilterChain.internalDoFilter(ApplicationFilterChain.java:227)
	at org.apache.catalina.core.ApplicationFilterChain.doFilter(ApplicationFilterChain.java:162)
	at org.apache.tomcat.websocket.server.WsFilter.doFilter(WsFilter.java:53)
	at org.apache.catalina.core.ApplicationFilterChain.internalDoFilter(ApplicationFilterChain.java:189)
	at org.apache.catalina.core.ApplicationFilterChain.doFilter(ApplicationFilterChain.java:162)
	at org.springframework.web.filter.RequestContextFilter.doFilterInternal(RequestContextFilter.java:100)
	at org.springframework.web.filter.OncePerRequestFilter.doFilter(OncePerRequestFilter.java:117)
	at org.apache.catalina.core.ApplicationFilterChain.internalDoFilter(ApplicationFilterChain.java:189)
	at org.apache.catalina.core.ApplicationFilterChain.doFilter(ApplicationFilterChain.java:162)
	at org.springframework.web.filter.FormContentFilter.doFilterInternal(FormContentFilter.java:93)
	at org.springframework.web.filter.OncePerRequestFilter.doFilter(OncePerRequestFilter.java:117)
	at org.apache.catalina.core.ApplicationFilterChain.internalDoFilter(ApplicationFilterChain.java:189)
	at org.apache.catalina.core.ApplicationFilterChain.doFilter(ApplicationFilterChain.java:162)
	at org.springframework.web.filter.CharacterEncodingFilter.doFilterInternal(CharacterEncodingFilter.java:201)
	at org.springframework.web.filter.OncePerRequestFilter.doFilter(OncePerRequestFilter.java:117)
	at org.apache.catalina.core.ApplicationFilterChain.internalDoFilter(ApplicationFilterChain.java:189)
	at org.apache.catalina.core.ApplicationFilterChain.doFilter(ApplicationFilterChain.java:162)
	at org.apache.catalina.core.StandardWrapperValve.invoke(StandardWrapperValve.java:197)
	at org.apache.catalina.core.StandardContextValve.invoke(StandardContextValve.java:97)
	at org.apache.catalina.authenticator.AuthenticatorBase.invoke(AuthenticatorBase.java:541)
	at org.apache.catalina.core.StandardHostValve.invoke(StandardHostValve.java:135)
	at org.apache.catalina.valves.ErrorReportValve.invoke(ErrorReportValve.java:92)
	at org.apache.catalina.core.StandardEngineValve.invoke(StandardEngineValve.java:78)
	at org.apache.catalina.connector.CoyoteAdapter.service(CoyoteAdapter.java:360)
	at org.apache.coyote.http11.Http11Processor.service(Http11Processor.java:399)
	at org.apache.coyote.AbstractProcessorLight.process(AbstractProcessorLight.java:65)
	at org.apache.coyote.AbstractProtocol$ConnectionHandler.process(AbstractProtocol.java:893)
	at org.apache.tomcat.util.net.NioEndpoint$SocketProcessor.doRun(NioEndpoint.java:1789)
	at org.apache.tomcat.util.net.SocketProcessorBase.run(SocketProcessorBase.java:49)
	at org.apache.tomcat.util.threads.ThreadPoolExecutor.runWorker(ThreadPoolExecutor.java:1191)
	at org.apache.tomcat.util.threads.ThreadPoolExecutor$Worker.run(ThreadPoolExecutor.java:659)
	at org.apache.tomcat.util.threads.TaskThread$WrappingRunnable.run(TaskThread.java:61)
	at java.base/java.lang.Thread.run(Thread.java:833)

2025-08-27 14:51:28.994 ERROR 37972 --- [http-nio-60001-exec-4] c.a.e.e.export.base.ExportCommonService  : Excel导出错误

cn.afterturn.easypoi.exception.excel.ExcelExportException: Excel导出错误
	at cn.afterturn.easypoi.excel.export.base.BaseExportService.createCells(BaseExportService.java:156)
	at cn.afterturn.easypoi.excel.export.ExcelExportService.insertDataToSheet(ExcelExportService.java:276)
	at cn.afterturn.easypoi.excel.export.ExcelExportService.createSheetForMap(ExcelExportService.java:214)
	at cn.afterturn.easypoi.excel.export.ExcelExportService.createSheet(ExcelExportService.java:179)
	at cn.afterturn.easypoi.excel.ExcelExportUtil.exportExcel(ExcelExportUtil.java:116)
	at com.biel.qmsgatherCgVn.controller.DfUpBottomGapChamferController.exportBottomGapChamfer(DfUpBottomGapChamferController.java:156)
	at java.base/jdk.internal.reflect.NativeMethodAccessorImpl.invoke0(Native Method)
	at java.base/jdk.internal.reflect.NativeMethodAccessorImpl.invoke(NativeMethodAccessorImpl.java:77)
	at java.base/jdk.internal.reflect.DelegatingMethodAccessorImpl.invoke(DelegatingMethodAccessorImpl.java:43)
	at java.base/java.lang.reflect.Method.invoke(Method.java:568)
	at org.springframework.web.method.support.InvocableHandlerMethod.doInvoke(InvocableHandlerMethod.java:205)
	at org.springframework.web.method.support.InvocableHandlerMethod.invokeForRequest(InvocableHandlerMethod.java:150)
	at org.springframework.web.servlet.mvc.method.annotation.ServletInvocableHandlerMethod.invokeAndHandle(ServletInvocableHandlerMethod.java:117)
	at org.springframework.web.servlet.mvc.method.annotation.RequestMappingHandlerAdapter.invokeHandlerMethod(RequestMappingHandlerAdapter.java:895)
	at org.springframework.web.servlet.mvc.method.annotation.RequestMappingHandlerAdapter.handleInternal(RequestMappingHandlerAdapter.java:808)
	at org.springframework.web.servlet.mvc.method.AbstractHandlerMethodAdapter.handle(AbstractHandlerMethodAdapter.java:87)
	at org.springframework.web.servlet.DispatcherServlet.doDispatch(DispatcherServlet.java:1071)
	at org.springframework.web.servlet.DispatcherServlet.doService(DispatcherServlet.java:964)
	at org.springframework.web.servlet.FrameworkServlet.processRequest(FrameworkServlet.java:1006)
	at org.springframework.web.servlet.FrameworkServlet.doGet(FrameworkServlet.java:898)
	at javax.servlet.http.HttpServlet.service(HttpServlet.java:670)
	at org.springframework.web.servlet.FrameworkServlet.service(FrameworkServlet.java:883)
	at javax.servlet.http.HttpServlet.service(HttpServlet.java:779)
	at org.apache.catalina.core.ApplicationFilterChain.internalDoFilter(ApplicationFilterChain.java:227)
	at org.apache.catalina.core.ApplicationFilterChain.doFilter(ApplicationFilterChain.java:162)
	at org.apache.tomcat.websocket.server.WsFilter.doFilter(WsFilter.java:53)
	at org.apache.catalina.core.ApplicationFilterChain.internalDoFilter(ApplicationFilterChain.java:189)
	at org.apache.catalina.core.ApplicationFilterChain.doFilter(ApplicationFilterChain.java:162)
	at org.springframework.web.filter.RequestContextFilter.doFilterInternal(RequestContextFilter.java:100)
	at org.springframework.web.filter.OncePerRequestFilter.doFilter(OncePerRequestFilter.java:117)
	at org.apache.catalina.core.ApplicationFilterChain.internalDoFilter(ApplicationFilterChain.java:189)
	at org.apache.catalina.core.ApplicationFilterChain.doFilter(ApplicationFilterChain.java:162)
	at org.springframework.web.filter.FormContentFilter.doFilterInternal(FormContentFilter.java:93)
	at org.springframework.web.filter.OncePerRequestFilter.doFilter(OncePerRequestFilter.java:117)
	at org.apache.catalina.core.ApplicationFilterChain.internalDoFilter(ApplicationFilterChain.java:189)
	at org.apache.catalina.core.ApplicationFilterChain.doFilter(ApplicationFilterChain.java:162)
	at org.springframework.web.filter.CharacterEncodingFilter.doFilterInternal(CharacterEncodingFilter.java:201)
	at org.springframework.web.filter.OncePerRequestFilter.doFilter(OncePerRequestFilter.java:117)
	at org.apache.catalina.core.ApplicationFilterChain.internalDoFilter(ApplicationFilterChain.java:189)
	at org.apache.catalina.core.ApplicationFilterChain.doFilter(ApplicationFilterChain.java:162)
	at org.apache.catalina.core.StandardWrapperValve.invoke(StandardWrapperValve.java:197)
	at org.apache.catalina.core.StandardContextValve.invoke(StandardContextValve.java:97)
	at org.apache.catalina.authenticator.AuthenticatorBase.invoke(AuthenticatorBase.java:541)
	at org.apache.catalina.core.StandardHostValve.invoke(StandardHostValve.java:135)
	at org.apache.catalina.valves.ErrorReportValve.invoke(ErrorReportValve.java:92)
	at org.apache.catalina.core.StandardEngineValve.invoke(StandardEngineValve.java:78)
	at org.apache.catalina.connector.CoyoteAdapter.service(CoyoteAdapter.java:360)
	at org.apache.coyote.http11.Http11Processor.service(Http11Processor.java:399)
	at org.apache.coyote.AbstractProcessorLight.process(AbstractProcessorLight.java:65)
	at org.apache.coyote.AbstractProtocol$ConnectionHandler.process(AbstractProtocol.java:893)
	at org.apache.tomcat.util.net.NioEndpoint$SocketProcessor.doRun(NioEndpoint.java:1789)
	at org.apache.tomcat.util.net.SocketProcessorBase.run(SocketProcessorBase.java:49)
	at org.apache.tomcat.util.threads.ThreadPoolExecutor.runWorker(ThreadPoolExecutor.java:1191)
	at org.apache.tomcat.util.threads.ThreadPoolExecutor$Worker.run(ThreadPoolExecutor.java:659)
	at org.apache.tomcat.util.threads.TaskThread$WrappingRunnable.run(TaskThread.java:61)
	at java.base/java.lang.Thread.run(Thread.java:833)
Caused by: java.lang.IllegalArgumentException: object is not an instance of declaring class
	at java.base/jdk.internal.reflect.NativeMethodAccessorImpl.invoke0(Native Method)
	at java.base/jdk.internal.reflect.NativeMethodAccessorImpl.invoke(NativeMethodAccessorImpl.java:77)
	at java.base/jdk.internal.reflect.DelegatingMethodAccessorImpl.invoke(DelegatingMethodAccessorImpl.java:43)
	at java.base/java.lang.reflect.Method.invoke(Method.java:568)
	at cn.afterturn.easypoi.excel.export.base.ExportCommonService.getCellValue(ExportCommonService.java:214)
	at cn.afterturn.easypoi.excel.export.base.BaseExportService.createCells(BaseExportService.java:98)
	... 55 common frames omitted

2025-08-27 14:51:28.995 ERROR 37972 --- [http-nio-60001-exec-4] c.a.e.e.export.base.ExportCommonService  : Excel导出错误

cn.afterturn.easypoi.exception.excel.ExcelExportException: Excel导出错误
	at cn.afterturn.easypoi.excel.export.ExcelExportService.insertDataToSheet(ExcelExportService.java:307)
	at cn.afterturn.easypoi.excel.export.ExcelExportService.createSheetForMap(ExcelExportService.java:214)
	at cn.afterturn.easypoi.excel.export.ExcelExportService.createSheet(ExcelExportService.java:179)
	at cn.afterturn.easypoi.excel.ExcelExportUtil.exportExcel(ExcelExportUtil.java:116)
	at com.biel.qmsgatherCgVn.controller.DfUpBottomGapChamferController.exportBottomGapChamfer(DfUpBottomGapChamferController.java:156)
	at java.base/jdk.internal.reflect.NativeMethodAccessorImpl.invoke0(Native Method)
	at java.base/jdk.internal.reflect.NativeMethodAccessorImpl.invoke(NativeMethodAccessorImpl.java:77)
	at java.base/jdk.internal.reflect.DelegatingMethodAccessorImpl.invoke(DelegatingMethodAccessorImpl.java:43)
	at java.base/java.lang.reflect.Method.invoke(Method.java:568)
	at org.springframework.web.method.support.InvocableHandlerMethod.doInvoke(InvocableHandlerMethod.java:205)
	at org.springframework.web.method.support.InvocableHandlerMethod.invokeForRequest(InvocableHandlerMethod.java:150)
	at org.springframework.web.servlet.mvc.method.annotation.ServletInvocableHandlerMethod.invokeAndHandle(ServletInvocableHandlerMethod.java:117)
	at org.springframework.web.servlet.mvc.method.annotation.RequestMappingHandlerAdapter.invokeHandlerMethod(RequestMappingHandlerAdapter.java:895)
	at org.springframework.web.servlet.mvc.method.annotation.RequestMappingHandlerAdapter.handleInternal(RequestMappingHandlerAdapter.java:808)
	at org.springframework.web.servlet.mvc.method.AbstractHandlerMethodAdapter.handle(AbstractHandlerMethodAdapter.java:87)
	at org.springframework.web.servlet.DispatcherServlet.doDispatch(DispatcherServlet.java:1071)
	at org.springframework.web.servlet.DispatcherServlet.doService(DispatcherServlet.java:964)
	at org.springframework.web.servlet.FrameworkServlet.processRequest(FrameworkServlet.java:1006)
	at org.springframework.web.servlet.FrameworkServlet.doGet(FrameworkServlet.java:898)
	at javax.servlet.http.HttpServlet.service(HttpServlet.java:670)
	at org.springframework.web.servlet.FrameworkServlet.service(FrameworkServlet.java:883)
	at javax.servlet.http.HttpServlet.service(HttpServlet.java:779)
	at org.apache.catalina.core.ApplicationFilterChain.internalDoFilter(ApplicationFilterChain.java:227)
	at org.apache.catalina.core.ApplicationFilterChain.doFilter(ApplicationFilterChain.java:162)
	at org.apache.tomcat.websocket.server.WsFilter.doFilter(WsFilter.java:53)
	at org.apache.catalina.core.ApplicationFilterChain.internalDoFilter(ApplicationFilterChain.java:189)
	at org.apache.catalina.core.ApplicationFilterChain.doFilter(ApplicationFilterChain.java:162)
	at org.springframework.web.filter.RequestContextFilter.doFilterInternal(RequestContextFilter.java:100)
	at org.springframework.web.filter.OncePerRequestFilter.doFilter(OncePerRequestFilter.java:117)
	at org.apache.catalina.core.ApplicationFilterChain.internalDoFilter(ApplicationFilterChain.java:189)
	at org.apache.catalina.core.ApplicationFilterChain.doFilter(ApplicationFilterChain.java:162)
	at org.springframework.web.filter.FormContentFilter.doFilterInternal(FormContentFilter.java:93)
	at org.springframework.web.filter.OncePerRequestFilter.doFilter(OncePerRequestFilter.java:117)
	at org.apache.catalina.core.ApplicationFilterChain.internalDoFilter(ApplicationFilterChain.java:189)
	at org.apache.catalina.core.ApplicationFilterChain.doFilter(ApplicationFilterChain.java:162)
	at org.springframework.web.filter.CharacterEncodingFilter.doFilterInternal(CharacterEncodingFilter.java:201)
	at org.springframework.web.filter.OncePerRequestFilter.doFilter(OncePerRequestFilter.java:117)
	at org.apache.catalina.core.ApplicationFilterChain.internalDoFilter(ApplicationFilterChain.java:189)
	at org.apache.catalina.core.ApplicationFilterChain.doFilter(ApplicationFilterChain.java:162)
	at org.apache.catalina.core.StandardWrapperValve.invoke(StandardWrapperValve.java:197)
	at org.apache.catalina.core.StandardContextValve.invoke(StandardContextValve.java:97)
	at org.apache.catalina.authenticator.AuthenticatorBase.invoke(AuthenticatorBase.java:541)
	at org.apache.catalina.core.StandardHostValve.invoke(StandardHostValve.java:135)
	at org.apache.catalina.valves.ErrorReportValve.invoke(ErrorReportValve.java:92)
	at org.apache.catalina.core.StandardEngineValve.invoke(StandardEngineValve.java:78)
	at org.apache.catalina.connector.CoyoteAdapter.service(CoyoteAdapter.java:360)
	at org.apache.coyote.http11.Http11Processor.service(Http11Processor.java:399)
	at org.apache.coyote.AbstractProcessorLight.process(AbstractProcessorLight.java:65)
	at org.apache.coyote.AbstractProtocol$ConnectionHandler.process(AbstractProtocol.java:893)
	at org.apache.tomcat.util.net.NioEndpoint$SocketProcessor.doRun(NioEndpoint.java:1789)
	at org.apache.tomcat.util.net.SocketProcessorBase.run(SocketProcessorBase.java:49)
	at org.apache.tomcat.util.threads.ThreadPoolExecutor.runWorker(ThreadPoolExecutor.java:1191)
	at org.apache.tomcat.util.threads.ThreadPoolExecutor$Worker.run(ThreadPoolExecutor.java:659)
	at org.apache.tomcat.util.threads.TaskThread$WrappingRunnable.run(TaskThread.java:61)
	at java.base/java.lang.Thread.run(Thread.java:833)
Caused by: cn.afterturn.easypoi.exception.excel.ExcelExportException: Excel导出错误
	at cn.afterturn.easypoi.excel.export.base.BaseExportService.createCells(BaseExportService.java:156)
	at cn.afterturn.easypoi.excel.export.ExcelExportService.insertDataToSheet(ExcelExportService.java:276)
	... 54 common frames omitted
Caused by: java.lang.IllegalArgumentException: object is not an instance of declaring class
	at java.base/jdk.internal.reflect.NativeMethodAccessorImpl.invoke0(Native Method)
	at java.base/jdk.internal.reflect.NativeMethodAccessorImpl.invoke(NativeMethodAccessorImpl.java:77)
	at java.base/jdk.internal.reflect.DelegatingMethodAccessorImpl.invoke(DelegatingMethodAccessorImpl.java:43)
	at java.base/java.lang.reflect.Method.invoke(Method.java:568)
	at cn.afterturn.easypoi.excel.export.base.ExportCommonService.getCellValue(ExportCommonService.java:214)
	at cn.afterturn.easypoi.excel.export.base.BaseExportService.createCells(BaseExportService.java:98)
	... 55 common frames omitted

2025-08-27 14:51:28.996 ERROR 37972 --- [http-nio-60001-exec-4] o.a.c.c.C.[.[.[/].[dispatcherServlet]    : Servlet.service() for servlet [dispatcherServlet] in context with path [] threw exception [Request processing failed; nested exception is cn.afterturn.easypoi.exception.excel.ExcelExportException: Excel导出错误] with root cause

java.lang.IllegalArgumentException: object is not an instance of declaring class
	at java.base/jdk.internal.reflect.NativeMethodAccessorImpl.invoke0(Native Method)
	at java.base/jdk.internal.reflect.NativeMethodAccessorImpl.invoke(NativeMethodAccessorImpl.java:77)
	at java.base/jdk.internal.reflect.DelegatingMethodAccessorImpl.invoke(DelegatingMethodAccessorImpl.java:43)
	at java.base/java.lang.reflect.Method.invoke(Method.java:568)
	at cn.afterturn.easypoi.excel.export.base.ExportCommonService.getCellValue(ExportCommonService.java:214)
	at cn.afterturn.easypoi.excel.export.base.BaseExportService.createCells(BaseExportService.java:98)
	at cn.afterturn.easypoi.excel.export.ExcelExportService.insertDataToSheet(ExcelExportService.java:276)
	at cn.afterturn.easypoi.excel.export.ExcelExportService.createSheetForMap(ExcelExportService.java:214)
	at cn.afterturn.easypoi.excel.export.ExcelExportService.createSheet(ExcelExportService.java:179)
	at cn.afterturn.easypoi.excel.ExcelExportUtil.exportExcel(ExcelExportUtil.java:116)
	at com.biel.qmsgatherCgVn.controller.DfUpBottomGapChamferController.exportBottomGapChamfer(DfUpBottomGapChamferController.java:156)
	at java.base/jdk.internal.reflect.NativeMethodAccessorImpl.invoke0(Native Method)
	at java.base/jdk.internal.reflect.NativeMethodAccessorImpl.invoke(NativeMethodAccessorImpl.java:77)
	at java.base/jdk.internal.reflect.DelegatingMethodAccessorImpl.invoke(DelegatingMethodAccessorImpl.java:43)
	at java.base/java.lang.reflect.Method.invoke(Method.java:568)
	at org.springframework.web.method.support.InvocableHandlerMethod.doInvoke(InvocableHandlerMethod.java:205)
	at org.springframework.web.method.support.InvocableHandlerMethod.invokeForRequest(InvocableHandlerMethod.java:150)
	at org.springframework.web.servlet.mvc.method.annotation.ServletInvocableHandlerMethod.invokeAndHandle(ServletInvocableHandlerMethod.java:117)
	at org.springframework.web.servlet.mvc.method.annotation.RequestMappingHandlerAdapter.invokeHandlerMethod(RequestMappingHandlerAdapter.java:895)
	at org.springframework.web.servlet.mvc.method.annotation.RequestMappingHandlerAdapter.handleInternal(RequestMappingHandlerAdapter.java:808)
	at org.springframework.web.servlet.mvc.method.AbstractHandlerMethodAdapter.handle(AbstractHandlerMethodAdapter.java:87)
	at org.springframework.web.servlet.DispatcherServlet.doDispatch(DispatcherServlet.java:1071)
	at org.springframework.web.servlet.DispatcherServlet.doService(DispatcherServlet.java:964)
	at org.springframework.web.servlet.FrameworkServlet.processRequest(FrameworkServlet.java:1006)
	at org.springframework.web.servlet.FrameworkServlet.doGet(FrameworkServlet.java:898)
	at javax.servlet.http.HttpServlet.service(HttpServlet.java:670)
	at org.springframework.web.servlet.FrameworkServlet.service(FrameworkServlet.java:883)
	at javax.servlet.http.HttpServlet.service(HttpServlet.java:779)
	at org.apache.catalina.core.ApplicationFilterChain.internalDoFilter(ApplicationFilterChain.java:227)
	at org.apache.catalina.core.ApplicationFilterChain.doFilter(ApplicationFilterChain.java:162)
	at org.apache.tomcat.websocket.server.WsFilter.doFilter(WsFilter.java:53)
	at org.apache.catalina.core.ApplicationFilterChain.internalDoFilter(ApplicationFilterChain.java:189)
	at org.apache.catalina.core.ApplicationFilterChain.doFilter(ApplicationFilterChain.java:162)
	at org.springframework.web.filter.RequestContextFilter.doFilterInternal(RequestContextFilter.java:100)
	at org.springframework.web.filter.OncePerRequestFilter.doFilter(OncePerRequestFilter.java:117)
	at org.apache.catalina.core.ApplicationFilterChain.internalDoFilter(ApplicationFilterChain.java:189)
	at org.apache.catalina.core.ApplicationFilterChain.doFilter(ApplicationFilterChain.java:162)
	at org.springframework.web.filter.FormContentFilter.doFilterInternal(FormContentFilter.java:93)
	at org.springframework.web.filter.OncePerRequestFilter.doFilter(OncePerRequestFilter.java:117)
	at org.apache.catalina.core.ApplicationFilterChain.internalDoFilter(ApplicationFilterChain.java:189)
	at org.apache.catalina.core.ApplicationFilterChain.doFilter(ApplicationFilterChain.java:162)
	at org.springframework.web.filter.CharacterEncodingFilter.doFilterInternal(CharacterEncodingFilter.java:201)
	at org.springframework.web.filter.OncePerRequestFilter.doFilter(OncePerRequestFilter.java:117)
	at org.apache.catalina.core.ApplicationFilterChain.internalDoFilter(ApplicationFilterChain.java:189)
	at org.apache.catalina.core.ApplicationFilterChain.doFilter(ApplicationFilterChain.java:162)
	at org.apache.catalina.core.StandardWrapperValve.invoke(StandardWrapperValve.java:197)
	at org.apache.catalina.core.StandardContextValve.invoke(StandardContextValve.java:97)
	at org.apache.catalina.authenticator.AuthenticatorBase.invoke(AuthenticatorBase.java:541)
	at org.apache.catalina.core.StandardHostValve.invoke(StandardHostValve.java:135)
	at org.apache.catalina.valves.ErrorReportValve.invoke(ErrorReportValve.java:92)
	at org.apache.catalina.core.StandardEngineValve.invoke(StandardEngineValve.java:78)
	at org.apache.catalina.connector.CoyoteAdapter.service(CoyoteAdapter.java:360)
	at org.apache.coyote.http11.Http11Processor.service(Http11Processor.java:399)
	at org.apache.coyote.AbstractProcessorLight.process(AbstractProcessorLight.java:65)
	at org.apache.coyote.AbstractProtocol$ConnectionHandler.process(AbstractProtocol.java:893)
	at org.apache.tomcat.util.net.NioEndpoint$SocketProcessor.doRun(NioEndpoint.java:1789)
	at org.apache.tomcat.util.net.SocketProcessorBase.run(SocketProcessorBase.java:49)
	at org.apache.tomcat.util.threads.ThreadPoolExecutor.runWorker(ThreadPoolExecutor.java:1191)
	at org.apache.tomcat.util.threads.ThreadPoolExecutor$Worker.run(ThreadPoolExecutor.java:659)
	at org.apache.tomcat.util.threads.TaskThread$WrappingRunnable.run(TaskThread.java:61)
	at java.base/java.lang.Thread.run(Thread.java:833)

2025-08-27 14:56:15.302  INFO 37972 --- [SpringApplicationShutdownHook] com.zaxxer.hikari.HikariDataSource       : HikariPool-1 - Shutdown initiated...
2025-08-27 14:56:15.307  INFO 37972 --- [SpringApplicationShutdownHook] com.zaxxer.hikari.HikariDataSource       : HikariPool-1 - Shutdown completed.
2025-08-27 14:56:18.859  INFO 40460 --- [           main] c.b.q.QmsgatherCgvnApplication           : Starting QmsgatherCgvnApplication using Java 17 on DESKTOP-2LG3D5T with PID 40460 (D:\code\gathervn\gathervn\target\classes started by 冯一博 in D:\code\gathervn\gathervn)
2025-08-27 14:56:18.861  INFO 40460 --- [           main] c.b.q.QmsgatherCgvnApplication           : No active profile set, falling back to 1 default profile: "default"
2025-08-27 14:56:19.929  INFO 40460 --- [           main] o.s.b.w.embedded.tomcat.TomcatWebServer  : Tomcat initialized with port(s): 60001 (http)
2025-08-27 14:56:19.936  INFO 40460 --- [           main] o.a.coyote.http11.Http11NioProtocol      : Initializing ProtocolHandler ["http-nio-60001"]
2025-08-27 14:56:19.936  INFO 40460 --- [           main] o.apache.catalina.core.StandardService   : Starting service [Tomcat]
2025-08-27 14:56:19.936  INFO 40460 --- [           main] org.apache.catalina.core.StandardEngine  : Starting Servlet engine: [Apache Tomcat/9.0.68]
2025-08-27 14:56:20.020  INFO 40460 --- [           main] o.a.c.c.C.[Tomcat].[localhost].[/]       : Initializing Spring embedded WebApplicationContext
2025-08-27 14:56:20.021  INFO 40460 --- [           main] w.s.c.ServletWebServerApplicationContext : Root WebApplicationContext: initialization completed in 1124 ms
2025-08-27 14:56:20.918  INFO 40460 --- [           main] pertySourcedRequestMappingHandlerMapping : Mapped URL path [/v2/api-docs] onto method [springfox.documentation.swagger2.web.Swagger2Controller#getDocumentation(String, HttpServletRequest)]
2025-08-27 14:56:21.087  INFO 40460 --- [           main] o.a.coyote.http11.Http11NioProtocol      : Starting ProtocolHandler ["http-nio-60001"]
2025-08-27 14:56:21.099  INFO 40460 --- [           main] o.s.b.w.embedded.tomcat.TomcatWebServer  : Tomcat started on port(s): 60001 (http) with context path ''
2025-08-27 14:56:21.100  INFO 40460 --- [           main] d.s.w.p.DocumentationPluginsBootstrapper : Context refreshed
2025-08-27 14:56:21.113  INFO 40460 --- [           main] d.s.w.p.DocumentationPluginsBootstrapper : Found 1 custom documentation plugin(s)
2025-08-27 14:56:21.140  INFO 40460 --- [           main] s.d.s.w.s.ApiListingReferenceScanner     : Scanning for api listing references
2025-08-27 14:56:21.286  INFO 40460 --- [           main] .d.s.w.r.o.CachingOperationNameGenerator : Generating unique operation named: importExcelUsingPOST_1
2025-08-27 14:56:21.318  INFO 40460 --- [           main] .d.s.w.r.o.CachingOperationNameGenerator : Generating unique operation named: findDfUpRediumCodeSizeUsingGET_1
2025-08-27 14:56:21.323  INFO 40460 --- [           main] .d.s.w.r.o.CachingOperationNameGenerator : Generating unique operation named: importExcelUsingPOST_2
2025-08-27 14:56:21.360  INFO 40460 --- [           main] .d.s.w.r.o.CachingOperationNameGenerator : Generating unique operation named: importExcelUsingPOST_3
2025-08-27 14:56:21.378  INFO 40460 --- [           main] .d.s.w.r.o.CachingOperationNameGenerator : Generating unique operation named: importExcelUsingPOST_4
2025-08-27 14:56:21.394  INFO 40460 --- [           main] .d.s.w.r.o.CachingOperationNameGenerator : Generating unique operation named: importExcelUsingPOST_5
2025-08-27 14:56:21.407  INFO 40460 --- [           main] .d.s.w.r.o.CachingOperationNameGenerator : Generating unique operation named: importExcelUsingPOST_6
2025-08-27 14:56:21.420  INFO 40460 --- [           main] .d.s.w.r.o.CachingOperationNameGenerator : Generating unique operation named: importExcelUsingPOST_7
2025-08-27 14:56:21.434  INFO 40460 --- [           main] .d.s.w.r.o.CachingOperationNameGenerator : Generating unique operation named: importExcelUsingPOST_8
2025-08-27 14:56:21.446  INFO 40460 --- [           main] c.b.q.QmsgatherCgvnApplication           : Started QmsgatherCgvnApplication in 2.869 seconds (JVM running for 3.299)
2025-08-27 14:56:29.629  INFO 40460 --- [http-nio-60001-exec-2] o.a.c.c.C.[Tomcat].[localhost].[/]       : Initializing Spring DispatcherServlet 'dispatcherServlet'
2025-08-27 14:56:29.629  INFO 40460 --- [http-nio-60001-exec-2] o.s.web.servlet.DispatcherServlet        : Initializing Servlet 'dispatcherServlet'
2025-08-27 14:56:29.630  INFO 40460 --- [http-nio-60001-exec-2] o.s.web.servlet.DispatcherServlet        : Completed initialization in 1 ms
2025-08-27 14:56:29.740  INFO 40460 --- [http-nio-60001-exec-2] com.zaxxer.hikari.HikariDataSource       : HikariPool-1 - Starting...
2025-08-27 14:56:30.070  INFO 40460 --- [http-nio-60001-exec-2] com.zaxxer.hikari.HikariDataSource       : HikariPool-1 - Start completed.
2025-08-27 15:19:27.576  INFO 40460 --- [SpringApplicationShutdownHook] com.zaxxer.hikari.HikariDataSource       : HikariPool-1 - Shutdown initiated...
2025-08-27 15:19:27.584  INFO 40460 --- [SpringApplicationShutdownHook] com.zaxxer.hikari.HikariDataSource       : HikariPool-1 - Shutdown completed.
