2025-08-20 17:39:10.416  INFO 139 --- [           main] c.b.q.QmsgatherCgvnApplication           : Starting QmsgatherCgvnApplication using Java 17.0.15 on dafenqidebijibendiannao.local with PID 139 (/Users/work/zsz/Qmsgather_CGVN/Qmsgather_CGVN/target/classes started by dafenqi in /Users/work/zsz/Qmsgather_CGVN/Qmsgather_CGVN)
2025-08-20 17:39:10.418  INFO 139 --- [           main] c.b.q.QmsgatherCgvnApplication           : No active profile set, falling back to 1 default profile: "default"
2025-08-20 17:39:11.039  INFO 139 --- [           main] o.s.b.w.embedded.tomcat.TomcatWebServer  : Tomcat initialized with port(s): 1236 (http)
2025-08-20 17:39:11.044  INFO 139 --- [           main] o.a.coyote.http11.Http11NioProtocol      : Initializing ProtocolHandler ["http-nio-1236"]
2025-08-20 17:39:11.044  INFO 139 --- [           main] o.apache.catalina.core.StandardService   : Starting service [Tomcat]
2025-08-20 17:39:11.044  INFO 139 --- [           main] org.apache.catalina.core.StandardEngine  : Starting Servlet engine: [Apache Tomcat/9.0.68]
2025-08-20 17:39:11.097  INFO 139 --- [           main] o.a.c.c.C.[Tomcat].[localhost].[/]       : Initializing Spring embedded WebApplicationContext
2025-08-20 17:39:11.097  INFO 139 --- [           main] w.s.c.ServletWebServerApplicationContext : Root WebApplicationContext: initialization completed in 660 ms
2025-08-20 17:39:11.591  INFO 139 --- [           main] pertySourcedRequestMappingHandlerMapping : Mapped URL path [/v2/api-docs] onto method [springfox.documentation.swagger2.web.Swagger2Controller#getDocumentation(String, HttpServletRequest)]
2025-08-20 17:39:11.715  INFO 139 --- [           main] o.a.coyote.http11.Http11NioProtocol      : Starting ProtocolHandler ["http-nio-1236"]
2025-08-20 17:39:11.725  INFO 139 --- [           main] o.s.b.w.embedded.tomcat.TomcatWebServer  : Tomcat started on port(s): 1236 (http) with context path ''
2025-08-20 17:39:11.726  INFO 139 --- [           main] d.s.w.p.DocumentationPluginsBootstrapper : Context refreshed
2025-08-20 17:39:11.736  INFO 139 --- [           main] d.s.w.p.DocumentationPluginsBootstrapper : Found 1 custom documentation plugin(s)
2025-08-20 17:39:11.750  INFO 139 --- [           main] s.d.s.w.s.ApiListingReferenceScanner     : Scanning for api listing references
2025-08-20 17:39:11.831  INFO 139 --- [           main] .d.s.w.r.o.CachingOperationNameGenerator : Generating unique operation named: importExcelUsingPOST_1
2025-08-20 17:39:11.834  INFO 139 --- [           main] .d.s.w.r.o.CachingOperationNameGenerator : Generating unique operation named: importExcelUsingPOST_2
2025-08-20 17:39:11.837  INFO 139 --- [           main] .d.s.w.r.o.CachingOperationNameGenerator : Generating unique operation named: importExcelUsingPOST_3
2025-08-20 17:39:11.841  INFO 139 --- [           main] .d.s.w.r.o.CachingOperationNameGenerator : Generating unique operation named: importExcelUsingPOST_4
2025-08-20 17:39:11.845  INFO 139 --- [           main] .d.s.w.r.o.CachingOperationNameGenerator : Generating unique operation named: importExcelUsingPOST_5
2025-08-20 17:39:11.848  INFO 139 --- [           main] .d.s.w.r.o.CachingOperationNameGenerator : Generating unique operation named: importExcelUsingPOST_6
2025-08-20 17:39:11.860  INFO 139 --- [           main] c.b.q.QmsgatherCgvnApplication           : Started QmsgatherCgvnApplication in 1.638 seconds (JVM running for 2.98)
2025-08-20 17:39:25.047  INFO 192 --- [           main] c.b.q.QmsgatherCgvnApplicationTests      : Starting QmsgatherCgvnApplicationTests using Java 17.0.15 on dafenqidebijibendiannao.local with PID 192 (started by dafenqi in /Users/work/zsz/Qmsgather_CGVN/Qmsgather_CGVN)
2025-08-20 17:39:25.048  INFO 192 --- [           main] c.b.q.QmsgatherCgvnApplicationTests      : No active profile set, falling back to 1 default profile: "default"
2025-08-20 17:39:26.194  INFO 192 --- [           main] pertySourcedRequestMappingHandlerMapping : Mapped URL path [/v2/api-docs] onto method [springfox.documentation.swagger2.web.Swagger2Controller#getDocumentation(String, HttpServletRequest)]
2025-08-20 17:39:26.431  INFO 192 --- [           main] d.s.w.p.DocumentationPluginsBootstrapper : Context refreshed
2025-08-20 17:39:26.453  INFO 192 --- [           main] d.s.w.p.DocumentationPluginsBootstrapper : Found 1 custom documentation plugin(s)
2025-08-20 17:39:26.476  INFO 192 --- [           main] s.d.s.w.s.ApiListingReferenceScanner     : Scanning for api listing references
2025-08-20 17:39:26.565  INFO 192 --- [           main] .d.s.w.r.o.CachingOperationNameGenerator : Generating unique operation named: importExcelUsingPOST_1
2025-08-20 17:39:26.569  INFO 192 --- [           main] .d.s.w.r.o.CachingOperationNameGenerator : Generating unique operation named: importExcelUsingPOST_2
2025-08-20 17:39:26.573  INFO 192 --- [           main] .d.s.w.r.o.CachingOperationNameGenerator : Generating unique operation named: importExcelUsingPOST_3
2025-08-20 17:39:26.576  INFO 192 --- [           main] .d.s.w.r.o.CachingOperationNameGenerator : Generating unique operation named: importExcelUsingPOST_4
2025-08-20 17:39:26.582  INFO 192 --- [           main] .d.s.w.r.o.CachingOperationNameGenerator : Generating unique operation named: importExcelUsingPOST_5
2025-08-20 17:39:26.588  INFO 192 --- [           main] .d.s.w.r.o.CachingOperationNameGenerator : Generating unique operation named: importExcelUsingPOST_6
2025-08-20 17:39:26.600  INFO 192 --- [           main] c.b.q.QmsgatherCgvnApplicationTests      : Started QmsgatherCgvnApplicationTests in 1.724 seconds (JVM running for 2.134)
